Using pre-set license
Built from '2020.3/staging' branch; Version is '2020.3.8f1 (507919d4fff5) revision 5273881'; Using compiler version '192528614'; Build Type 'Release'
OS: 'Windows 10 Home; OS build 19041.985; Version 2004; 64bit' Language: 'en' Physical Memory: 16241 MB
BatchMode: 1, IsHumanControllingUs: 0, StartBugReporterOnCrash: 0, Is64bit: 1, IsPro: 0

 COMMAND LINE ARGUMENTS:
X:\Software\Unity Editors\2020.3.8f1\Editor\Unity.exe
-adb2
-batchMode
-noUpm
-name
AssetImportWorker0
-projectPath
X:/Work/Unity Projects/vapor/vapor
-logFile
Logs/AssetImportWorker0.log
-srvPort
50335
Successfully changed project path to: X:/Work/Unity Projects/vapor/vapor
X:/Work/Unity Projects/vapor/vapor
Using Asset Import Pipeline V2.
Refreshing native plugins compatible for Editor in 58.58 ms, found 0 plugins.
Preloading 0 native plugins for Editor in 0.00 ms.
Initialize engine version: 2020.3.8f1 (507919d4fff5)
[Subsystems] Discovering subsystems at path X:/Software/Unity Editors/2020.3.8f1/Editor/Data/Resources/UnitySubsystems
[Subsystems] Discovering subsystems at path X:/Work/Unity Projects/vapor/vapor/Assets
GfxDevice: creating device client; threaded=0
Direct3D:
    Version:  Direct3D 11.0 [level 11.1]
    Renderer: NVIDIA GeForce GTX 1070 with Max-Q Design (ID=0x1ba1)
    Vendor:   
    VRAM:     8082 MB
    Driver:   27.21.14.5751
Initialize mono
Mono path[0] = 'X:/Software/Unity Editors/2020.3.8f1/Editor/Data/Managed'
Mono path[1] = 'X:/Software/Unity Editors/2020.3.8f1/Editor/Data/MonoBleedingEdge/lib/mono/unityjit'
Mono config path = 'X:/Software/Unity Editors/2020.3.8f1/Editor/Data/MonoBleedingEdge/etc'
Using monoOptions --debugger-agent=transport=dt_socket,embedding=1,server=y,suspend=n,address=127.0.0.1:56212
Begin MonoManager ReloadAssembly
Registering precompiled unity dll's ...
Register platform support module: X:/Software/Unity Editors/2020.3.8f1/Editor/Data/PlaybackEngines/WebGLSupport/UnityEditor.WebGL.Extensions.dll
Register platform support module: X:/Software/Unity Editors/2020.3.8f1/Editor/Data/PlaybackEngines/WindowsStandaloneSupport/UnityEditor.WindowsStandalone.Extensions.dll
Registered in 0.003921 seconds.
Native extension for WindowsStandalone target not found
Native extension for WebGL target not found
Refreshing native plugins compatible for Editor in 60.25 ms, found 0 plugins.
Preloading 0 native plugins for Editor in 0.00 ms.
Mono: successfully reloaded assembly
- Completed reload, in  2.675 seconds
Platform modules already initialized, skipping
Registering precompiled user dll's ...
Registered in 0.002273 seconds.
Begin MonoManager ReloadAssembly
Native extension for WindowsStandalone target not found
Native extension for WebGL target not found
Refreshing native plugins compatible for Editor in 0.83 ms, found 0 plugins.
Preloading 0 native plugins for Editor in 0.00 ms.
Mono: successfully reloaded assembly
- Completed reload, in  2.549 seconds
Platform modules already initialized, skipping
========================================================================
Worker process is ready to serve import requests
Launched and connected shader compiler UnityShaderCompiler.exe after 0.16 seconds
Refreshing native plugins compatible for Editor in 1.84 ms, found 0 plugins.
Preloading 0 native plugins for Editor in 0.00 ms.
Unloading 1120 Unused Serialized files (Serialized files now loaded: 0)
System memory in use before: 57.3 MB.
System memory in use after: 57.3 MB.

Unloading 10 unused Assets to reduce memory usage. Loaded Objects now: 1563.
Total: 4.564500 ms (FindLiveObjects: 0.416000 ms CreateObjectMapping: 0.174800 ms MarkObjects: 3.638500 ms  DeleteObjects: 0.328700 ms)

========================================================================
Received Import Request.
  path: Assets/Audio/Mixer.mixer
  artifactKey: Guid(f0d00cf18c2b9ac4da68487980875ebd) Importer(815301076,1909f56bfc062723c751e8b465ee728b)
Start importing Assets/Audio/Mixer.mixer using Guid(f0d00cf18c2b9ac4da68487980875ebd) Importer(815301076,1909f56bfc062723c751e8b465ee728b)  -> (artifact id: 'bf2046274ddaf0515b2039ed97ae4926') in 0.129842 seconds
  Import took 0.137618 seconds .

========================================================================
Received Import Request.
  Time since last request: 8.910629 seconds.
  path: Assets/Prefabs
  artifactKey: Guid(972ffae776954714c947a5abfedf3956) Importer(815301076,1909f56bfc062723c751e8b465ee728b)
Start importing Assets/Prefabs using Guid(972ffae776954714c947a5abfedf3956) Importer(815301076,1909f56bfc062723c751e8b465ee728b)  -> (artifact id: '2b878be7f607e9b5e35a552f5075b74b') in 0.013562 seconds
  Import took 0.019320 seconds .

========================================================================
Received Prepare
Registering precompiled user dll's ...
Registered in 0.002895 seconds.
Begin MonoManager ReloadAssembly
Native extension for WindowsStandalone target not found
Native extension for WebGL target not found
Refreshing native plugins compatible for Editor in 0.23 ms, found 0 plugins.
Preloading 0 native plugins for Editor in 0.00 ms.
Mono: successfully reloaded assembly
- Completed reload, in  1.453 seconds
Platform modules already initialized, skipping
Refreshing native plugins compatible for Editor in 0.32 ms, found 0 plugins.
Preloading 0 native plugins for Editor in 0.00 ms.
Unloading 1115 Unused Serialized files (Serialized files now loaded: 0)
System memory in use before: 57.2 MB.
System memory in use after: 57.3 MB.

Unloading 5 unused Assets to reduce memory usage. Loaded Objects now: 1566.
Total: 2.827700 ms (FindLiveObjects: 0.162300 ms CreateObjectMapping: 0.041800 ms MarkObjects: 2.550800 ms  DeleteObjects: 0.071400 ms)

========================================================================
Received Prepare
Registering precompiled user dll's ...
Registered in 0.001307 seconds.
Begin MonoManager ReloadAssembly
Native extension for WindowsStandalone target not found
Native extension for WebGL target not found
Refreshing native plugins compatible for Editor in 0.30 ms, found 0 plugins.
Preloading 0 native plugins for Editor in 0.00 ms.
Mono: successfully reloaded assembly
- Completed reload, in  1.526 seconds
Platform modules already initialized, skipping
Refreshing native plugins compatible for Editor in 0.36 ms, found 0 plugins.
Preloading 0 native plugins for Editor in 0.00 ms.
Unloading 1115 Unused Serialized files (Serialized files now loaded: 0)
System memory in use before: 57.2 MB.
System memory in use after: 57.3 MB.

Unloading 5 unused Assets to reduce memory usage. Loaded Objects now: 1569.
Total: 3.015800 ms (FindLiveObjects: 0.236800 ms CreateObjectMapping: 0.070900 ms MarkObjects: 2.580000 ms  DeleteObjects: 0.126500 ms)

========================================================================
Received Prepare
Registering precompiled user dll's ...
Registered in 0.001249 seconds.
Begin MonoManager ReloadAssembly
Native extension for WindowsStandalone target not found
Native extension for WebGL target not found
Refreshing native plugins compatible for Editor in 0.30 ms, found 0 plugins.
Preloading 0 native plugins for Editor in 0.00 ms.
Mono: successfully reloaded assembly
- Completed reload, in  1.738 seconds
Platform modules already initialized, skipping
Refreshing native plugins compatible for Editor in 0.36 ms, found 0 plugins.
Preloading 0 native plugins for Editor in 0.00 ms.
Unloading 1115 Unused Serialized files (Serialized files now loaded: 0)
System memory in use before: 57.2 MB.
System memory in use after: 57.3 MB.

Unloading 5 unused Assets to reduce memory usage. Loaded Objects now: 1572.
Total: 5.269400 ms (FindLiveObjects: 1.282900 ms CreateObjectMapping: 0.840100 ms MarkObjects: 2.923900 ms  DeleteObjects: 0.213900 ms)

========================================================================
Received Prepare
Registering precompiled user dll's ...
Registered in 0.001359 seconds.
Begin MonoManager ReloadAssembly
Native extension for WindowsStandalone target not found
Native extension for WebGL target not found
Refreshing native plugins compatible for Editor in 0.26 ms, found 0 plugins.
Preloading 0 native plugins for Editor in 0.00 ms.
Mono: successfully reloaded assembly
- Completed reload, in  1.473 seconds
Platform modules already initialized, skipping
Refreshing native plugins compatible for Editor in 0.27 ms, found 0 plugins.
Preloading 0 native plugins for Editor in 0.00 ms.
Unloading 1115 Unused Serialized files (Serialized files now loaded: 0)
System memory in use before: 57.3 MB.
System memory in use after: 57.3 MB.

Unloading 5 unused Assets to reduce memory usage. Loaded Objects now: 1575.
Total: 3.737500 ms (FindLiveObjects: 0.382800 ms CreateObjectMapping: 0.080500 ms MarkObjects: 3.148900 ms  DeleteObjects: 0.122800 ms)

========================================================================
Received Import Request.
  Time since last request: 394.606010 seconds.
  path: Assets/Scripts/Enemy.cs
  artifactKey: Guid(5407d36c6d46d554db6f6a8e8f3d272f) Importer(815301076,1909f56bfc062723c751e8b465ee728b)
Start importing Assets/Scripts/Enemy.cs using Guid(5407d36c6d46d554db6f6a8e8f3d272f) Importer(815301076,1909f56bfc062723c751e8b465ee728b)  -> (artifact id: '647a7d9955039851766c0d178be1da3d') in 0.028876 seconds
  Import took 0.033896 seconds .

========================================================================
Received Import Request.
  Time since last request: 0.044984 seconds.
  path: Assets/Scripts/Enemy.cs
  artifactKey: Guid(5407d36c6d46d554db6f6a8e8f3d272f) Importer(815301076,1909f56bfc062723c751e8b465ee728b)
Start importing Assets/Scripts/Enemy.cs using Guid(5407d36c6d46d554db6f6a8e8f3d272f) Importer(815301076,1909f56bfc062723c751e8b465ee728b)  -> (artifact id: '647a7d9955039851766c0d178be1da3d') in 0.002653 seconds
  Import took 0.006593 seconds .

========================================================================
Received Import Request.
  Time since last request: 188.225373 seconds.
  path: Assets/Sound/Metronome.wav
  artifactKey: Guid(fccb1e8453011a44994e2e1adc066017) Importer(815301076,1909f56bfc062723c751e8b465ee728b)
Start importing Assets/Sound/Metronome.wav using Guid(fccb1e8453011a44994e2e1adc066017) Importer(815301076,1909f56bfc062723c751e8b465ee728b)  -> (artifact id: '562a849492c5b19c1b57fd1803b56af7') in 0.169776 seconds
  Import took 0.173575 seconds .

========================================================================
Received Import Request.
  Time since last request: 16.281542 seconds.
  path: Assets/Prefabs/Enemy 1.prefab
  artifactKey: Guid(768acd6cc8bf53d459fa24d25729e8af) Importer(815301076,1909f56bfc062723c751e8b465ee728b)
Start importing Assets/Prefabs/Enemy 1.prefab using Guid(768acd6cc8bf53d459fa24d25729e8af) Importer(815301076,1909f56bfc062723c751e8b465ee728b)  -> (artifact id: '78154a70ce3d90f6605158988a36edb3') in 0.084499 seconds
  Import took 0.088071 seconds .

========================================================================
Received Prepare
Registering precompiled user dll's ...
Registered in 0.002098 seconds.
Begin MonoManager ReloadAssembly
Native extension for WindowsStandalone target not found
Native extension for WebGL target not found
Refreshing native plugins compatible for Editor in 0.32 ms, found 0 plugins.
Preloading 0 native plugins for Editor in 0.00 ms.
Mono: successfully reloaded assembly
- Completed reload, in  1.526 seconds
Platform modules already initialized, skipping
Refreshing native plugins compatible for Editor in 0.29 ms, found 0 plugins.
Preloading 0 native plugins for Editor in 0.00 ms.
Unloading 1115 Unused Serialized files (Serialized files now loaded: 0)
System memory in use before: 60.4 MB.
System memory in use after: 60.5 MB.

Unloading 5 unused Assets to reduce memory usage. Loaded Objects now: 1587.
Total: 2.839200 ms (FindLiveObjects: 0.304300 ms CreateObjectMapping: 0.058300 ms MarkObjects: 2.409900 ms  DeleteObjects: 0.065100 ms)

========================================================================
Received Prepare
Registering precompiled user dll's ...
Registered in 0.000974 seconds.
Begin MonoManager ReloadAssembly
Native extension for WindowsStandalone target not found
Native extension for WebGL target not found
Refreshing native plugins compatible for Editor in 1.77 ms, found 0 plugins.
Preloading 0 native plugins for Editor in 0.00 ms.
Mono: successfully reloaded assembly
- Completed reload, in  1.541 seconds
Platform modules already initialized, skipping
Refreshing native plugins compatible for Editor in 0.42 ms, found 0 plugins.
Preloading 0 native plugins for Editor in 0.00 ms.
Unloading 1115 Unused Serialized files (Serialized files now loaded: 0)
System memory in use before: 60.4 MB.
System memory in use after: 60.5 MB.

Unloading 5 unused Assets to reduce memory usage. Loaded Objects now: 1590.
Total: 3.893400 ms (FindLiveObjects: 0.161300 ms CreateObjectMapping: 0.053600 ms MarkObjects: 3.449200 ms  DeleteObjects: 0.225200 ms)

========================================================================
Received Prepare
Registering precompiled user dll's ...
Registered in 0.001569 seconds.
Begin MonoManager ReloadAssembly
Native extension for WindowsStandalone target not found
Native extension for WebGL target not found
Refreshing native plugins compatible for Editor in 0.31 ms, found 0 plugins.
Preloading 0 native plugins for Editor in 0.00 ms.
Mono: successfully reloaded assembly
- Completed reload, in  1.745 seconds
Platform modules already initialized, skipping
Refreshing native plugins compatible for Editor in 0.55 ms, found 0 plugins.
Preloading 0 native plugins for Editor in 0.00 ms.
Unloading 1115 Unused Serialized files (Serialized files now loaded: 0)
System memory in use before: 60.4 MB.
System memory in use after: 60.5 MB.

Unloading 5 unused Assets to reduce memory usage. Loaded Objects now: 1593.
Total: 6.210300 ms (FindLiveObjects: 0.584000 ms CreateObjectMapping: 0.400900 ms MarkObjects: 5.047500 ms  DeleteObjects: 0.174300 ms)

========================================================================
Received Prepare
Registering precompiled user dll's ...
Registered in 0.001298 seconds.
Begin MonoManager ReloadAssembly
Native extension for WindowsStandalone target not found
Native extension for WebGL target not found
Refreshing native plugins compatible for Editor in 0.45 ms, found 0 plugins.
Preloading 0 native plugins for Editor in 0.00 ms.
Mono: successfully reloaded assembly
- Completed reload, in  1.825 seconds
Platform modules already initialized, skipping
Refreshing native plugins compatible for Editor in 0.35 ms, found 0 plugins.
Preloading 0 native plugins for Editor in 0.00 ms.
Unloading 1115 Unused Serialized files (Serialized files now loaded: 0)
System memory in use before: 60.4 MB.
System memory in use after: 60.5 MB.

Unloading 5 unused Assets to reduce memory usage. Loaded Objects now: 1596.
Total: 7.779000 ms (FindLiveObjects: 0.559300 ms CreateObjectMapping: 0.323100 ms MarkObjects: 6.396800 ms  DeleteObjects: 0.496500 ms)

========================================================================
Received Prepare
Registering precompiled user dll's ...
Registered in 0.003627 seconds.
Begin MonoManager ReloadAssembly
Native extension for WindowsStandalone target not found
Native extension for WebGL target not found
Refreshing native plugins compatible for Editor in 0.40 ms, found 0 plugins.
Preloading 0 native plugins for Editor in 0.00 ms.
Mono: successfully reloaded assembly
- Completed reload, in  1.840 seconds
Platform modules already initialized, skipping
Refreshing native plugins compatible for Editor in 0.62 ms, found 0 plugins.
Preloading 0 native plugins for Editor in 0.00 ms.
Unloading 1115 Unused Serialized files (Serialized files now loaded: 0)
System memory in use before: 60.4 MB.
System memory in use after: 60.5 MB.

Unloading 5 unused Assets to reduce memory usage. Loaded Objects now: 1599.
Total: 3.004700 ms (FindLiveObjects: 0.449800 ms CreateObjectMapping: 0.093000 ms MarkObjects: 2.306800 ms  DeleteObjects: 0.152700 ms)

========================================================================
Received Prepare
Registering precompiled user dll's ...
Registered in 0.001309 seconds.
Begin MonoManager ReloadAssembly
Native extension for WindowsStandalone target not found
Native extension for WebGL target not found
Refreshing native plugins compatible for Editor in 0.23 ms, found 0 plugins.
Preloading 0 native plugins for Editor in 0.00 ms.
Mono: successfully reloaded assembly
- Completed reload, in  1.558 seconds
Platform modules already initialized, skipping
Refreshing native plugins compatible for Editor in 0.57 ms, found 0 plugins.
Preloading 0 native plugins for Editor in 0.00 ms.
Unloading 1115 Unused Serialized files (Serialized files now loaded: 0)
System memory in use before: 60.4 MB.
System memory in use after: 60.5 MB.

Unloading 5 unused Assets to reduce memory usage. Loaded Objects now: 1602.
Total: 4.063800 ms (FindLiveObjects: 0.211400 ms CreateObjectMapping: 0.057400 ms MarkObjects: 3.619300 ms  DeleteObjects: 0.171500 ms)

========================================================================
Received Prepare
Registering precompiled user dll's ...
Registered in 0.001194 seconds.
Begin MonoManager ReloadAssembly
Native extension for WindowsStandalone target not found
Native extension for WebGL target not found
Refreshing native plugins compatible for Editor in 0.47 ms, found 0 plugins.
Preloading 0 native plugins for Editor in 0.00 ms.
Mono: successfully reloaded assembly
- Completed reload, in  1.788 seconds
Platform modules already initialized, skipping
Refreshing native plugins compatible for Editor in 0.28 ms, found 0 plugins.
Preloading 0 native plugins for Editor in 0.00 ms.
Unloading 1115 Unused Serialized files (Serialized files now loaded: 0)
System memory in use before: 60.5 MB.
System memory in use after: 60.5 MB.

Unloading 5 unused Assets to reduce memory usage. Loaded Objects now: 1605.
Total: 2.104000 ms (FindLiveObjects: 0.185200 ms CreateObjectMapping: 0.047600 ms MarkObjects: 1.803800 ms  DeleteObjects: 0.065800 ms)

========================================================================
Received Prepare
Registering precompiled user dll's ...
Registered in 0.000627 seconds.
Begin MonoManager ReloadAssembly
Native extension for WindowsStandalone target not found
Native extension for WebGL target not found
Refreshing native plugins compatible for Editor in 0.51 ms, found 0 plugins.
Preloading 0 native plugins for Editor in 0.00 ms.
Mono: successfully reloaded assembly
- Completed reload, in  1.408 seconds
Platform modules already initialized, skipping
Refreshing native plugins compatible for Editor in 0.73 ms, found 0 plugins.
Preloading 0 native plugins for Editor in 0.00 ms.
Unloading 1115 Unused Serialized files (Serialized files now loaded: 0)
System memory in use before: 60.5 MB.
System memory in use after: 60.5 MB.

Unloading 5 unused Assets to reduce memory usage. Loaded Objects now: 1608.
Total: 4.185500 ms (FindLiveObjects: 0.606200 ms CreateObjectMapping: 0.159700 ms MarkObjects: 3.346000 ms  DeleteObjects: 0.071100 ms)

========================================================================
Received Prepare
Registering precompiled user dll's ...
Registered in 0.001650 seconds.
Begin MonoManager ReloadAssembly
Native extension for WindowsStandalone target not found
Native extension for WebGL target not found
Refreshing native plugins compatible for Editor in 0.69 ms, found 0 plugins.
Preloading 0 native plugins for Editor in 0.00 ms.
Mono: successfully reloaded assembly
- Completed reload, in  1.576 seconds
Platform modules already initialized, skipping
Refreshing native plugins compatible for Editor in 0.55 ms, found 0 plugins.
Preloading 0 native plugins for Editor in 0.00 ms.
Unloading 1115 Unused Serialized files (Serialized files now loaded: 0)
System memory in use before: 60.5 MB.
System memory in use after: 60.5 MB.

Unloading 5 unused Assets to reduce memory usage. Loaded Objects now: 1611.
Total: 2.730500 ms (FindLiveObjects: 0.313400 ms CreateObjectMapping: 0.054200 ms MarkObjects: 2.254200 ms  DeleteObjects: 0.106300 ms)

========================================================================
Received Prepare
Registering precompiled user dll's ...
Registered in 0.001161 seconds.
Begin MonoManager ReloadAssembly
Native extension for WindowsStandalone target not found
Native extension for WebGL target not found
Refreshing native plugins compatible for Editor in 0.31 ms, found 0 plugins.
Preloading 0 native plugins for Editor in 0.00 ms.
Mono: successfully reloaded assembly
- Completed reload, in  1.584 seconds
Platform modules already initialized, skipping
Refreshing native plugins compatible for Editor in 0.25 ms, found 0 plugins.
Preloading 0 native plugins for Editor in 0.00 ms.
Unloading 1115 Unused Serialized files (Serialized files now loaded: 0)
System memory in use before: 60.5 MB.
System memory in use after: 60.5 MB.

Unloading 5 unused Assets to reduce memory usage. Loaded Objects now: 1614.
Total: 3.872500 ms (FindLiveObjects: 0.403500 ms CreateObjectMapping: 0.102900 ms MarkObjects: 3.263600 ms  DeleteObjects: 0.093500 ms)

========================================================================
Received Prepare
Registering precompiled user dll's ...
Registered in 0.000764 seconds.
Begin MonoManager ReloadAssembly
Native extension for WindowsStandalone target not found
Native extension for WebGL target not found
Refreshing native plugins compatible for Editor in 0.30 ms, found 0 plugins.
Preloading 0 native plugins for Editor in 0.00 ms.
Mono: successfully reloaded assembly
- Completed reload, in  1.854 seconds
Platform modules already initialized, skipping
Refreshing native plugins compatible for Editor in 0.34 ms, found 0 plugins.
Preloading 0 native plugins for Editor in 0.00 ms.
Unloading 1115 Unused Serialized files (Serialized files now loaded: 0)
System memory in use before: 60.5 MB.
System memory in use after: 60.5 MB.

Unloading 5 unused Assets to reduce memory usage. Loaded Objects now: 1617.
Total: 8.203200 ms (FindLiveObjects: 1.078000 ms CreateObjectMapping: 0.412700 ms MarkObjects: 6.586000 ms  DeleteObjects: 0.120600 ms)

========================================================================
Received Prepare
Registering precompiled user dll's ...
Registered in 0.000661 seconds.
Begin MonoManager ReloadAssembly
Native extension for WindowsStandalone target not found
Native extension for WebGL target not found
Refreshing native plugins compatible for Editor in 0.84 ms, found 0 plugins.
Preloading 0 native plugins for Editor in 0.00 ms.
Mono: successfully reloaded assembly
- Completed reload, in  1.541 seconds
Platform modules already initialized, skipping
Refreshing native plugins compatible for Editor in 0.26 ms, found 0 plugins.
Preloading 0 native plugins for Editor in 0.00 ms.
Unloading 1115 Unused Serialized files (Serialized files now loaded: 0)
System memory in use before: 60.5 MB.
System memory in use after: 60.6 MB.

Unloading 5 unused Assets to reduce memory usage. Loaded Objects now: 1620.
Total: 2.864500 ms (FindLiveObjects: 0.180600 ms CreateObjectMapping: 0.050300 ms MarkObjects: 2.570600 ms  DeleteObjects: 0.060900 ms)

========================================================================
Received Prepare
Registering precompiled user dll's ...
Registered in 0.000847 seconds.
Begin MonoManager ReloadAssembly
Native extension for WindowsStandalone target not found
Native extension for WebGL target not found
Refreshing native plugins compatible for Editor in 0.23 ms, found 0 plugins.
Preloading 0 native plugins for Editor in 0.00 ms.
Mono: successfully reloaded assembly
- Completed reload, in  1.615 seconds
Platform modules already initialized, skipping
Refreshing native plugins compatible for Editor in 0.42 ms, found 0 plugins.
Preloading 0 native plugins for Editor in 0.00 ms.
Unloading 1115 Unused Serialized files (Serialized files now loaded: 0)
System memory in use before: 60.5 MB.
System memory in use after: 60.6 MB.

Unloading 5 unused Assets to reduce memory usage. Loaded Objects now: 1623.
Total: 3.972700 ms (FindLiveObjects: 0.354100 ms CreateObjectMapping: 0.125800 ms MarkObjects: 3.237800 ms  DeleteObjects: 0.252200 ms)

========================================================================
Received Prepare
Registering precompiled user dll's ...
Registered in 0.001502 seconds.
Begin MonoManager ReloadAssembly
Native extension for WindowsStandalone target not found
Native extension for WebGL target not found
Refreshing native plugins compatible for Editor in 1.17 ms, found 0 plugins.
Preloading 0 native plugins for Editor in 0.00 ms.
Mono: successfully reloaded assembly
- Completed reload, in  1.773 seconds
Platform modules already initialized, skipping
Refreshing native plugins compatible for Editor in 1.08 ms, found 0 plugins.
Preloading 0 native plugins for Editor in 0.00 ms.
Unloading 1115 Unused Serialized files (Serialized files now loaded: 0)
System memory in use before: 60.5 MB.
System memory in use after: 60.6 MB.

Unloading 5 unused Assets to reduce memory usage. Loaded Objects now: 1626.
Total: 3.006000 ms (FindLiveObjects: 0.347700 ms CreateObjectMapping: 0.086800 ms MarkObjects: 2.509400 ms  DeleteObjects: 0.059900 ms)

========================================================================
Received Prepare
Registering precompiled user dll's ...
Registered in 0.001393 seconds.
Begin MonoManager ReloadAssembly
Native extension for WindowsStandalone target not found
Native extension for WebGL target not found
Refreshing native plugins compatible for Editor in 0.27 ms, found 0 plugins.
Preloading 0 native plugins for Editor in 0.00 ms.
Mono: successfully reloaded assembly
- Completed reload, in  1.329 seconds
Platform modules already initialized, skipping
Refreshing native plugins compatible for Editor in 0.38 ms, found 0 plugins.
Preloading 0 native plugins for Editor in 0.00 ms.
Unloading 1115 Unused Serialized files (Serialized files now loaded: 0)
System memory in use before: 60.5 MB.
System memory in use after: 60.6 MB.

Unloading 5 unused Assets to reduce memory usage. Loaded Objects now: 1629.
Total: 1.840100 ms (FindLiveObjects: 0.137000 ms CreateObjectMapping: 0.037700 ms MarkObjects: 1.614800 ms  DeleteObjects: 0.049600 ms)

========================================================================
Received Prepare
Registering precompiled user dll's ...
Registered in 0.000797 seconds.
Begin MonoManager ReloadAssembly
Native extension for WindowsStandalone target not found
Native extension for WebGL target not found
Refreshing native plugins compatible for Editor in 1.15 ms, found 0 plugins.
Preloading 0 native plugins for Editor in 0.00 ms.
Mono: successfully reloaded assembly
- Completed reload, in  1.591 seconds
Platform modules already initialized, skipping
Refreshing native plugins compatible for Editor in 0.78 ms, found 0 plugins.
Preloading 0 native plugins for Editor in 0.00 ms.
Unloading 1115 Unused Serialized files (Serialized files now loaded: 0)
System memory in use before: 60.5 MB.
System memory in use after: 60.6 MB.

Unloading 5 unused Assets to reduce memory usage. Loaded Objects now: 1632.
Total: 4.289100 ms (FindLiveObjects: 0.492500 ms CreateObjectMapping: 0.233900 ms MarkObjects: 3.386700 ms  DeleteObjects: 0.172500 ms)

========================================================================
Received Prepare
Registering precompiled user dll's ...
Registered in 0.000828 seconds.
Begin MonoManager ReloadAssembly
Native extension for WindowsStandalone target not found
Native extension for WebGL target not found
Refreshing native plugins compatible for Editor in 0.22 ms, found 0 plugins.
Preloading 0 native plugins for Editor in 0.00 ms.
Mono: successfully reloaded assembly
- Completed reload, in  1.351 seconds
Platform modules already initialized, skipping
Refreshing native plugins compatible for Editor in 0.54 ms, found 0 plugins.
Preloading 0 native plugins for Editor in 0.00 ms.
Unloading 1115 Unused Serialized files (Serialized files now loaded: 0)
System memory in use before: 60.5 MB.
System memory in use after: 60.6 MB.

Unloading 5 unused Assets to reduce memory usage. Loaded Objects now: 1635.
Total: 6.214600 ms (FindLiveObjects: 0.592500 ms CreateObjectMapping: 0.141300 ms MarkObjects: 5.327000 ms  DeleteObjects: 0.149700 ms)

========================================================================
Received Import Request.
  Time since last request: 2035.008732 seconds.
  path: Assets/Audio/Mixer.mixer
  artifactKey: Guid(f0d00cf18c2b9ac4da68487980875ebd) Importer(815301076,1909f56bfc062723c751e8b465ee728b)
Start importing Assets/Audio/Mixer.mixer using Guid(f0d00cf18c2b9ac4da68487980875ebd) Importer(815301076,1909f56bfc062723c751e8b465ee728b)  -> (artifact id: '97292ce1e1888b74ea7e2e5c335bee9e') in 0.053195 seconds
  Import took 0.057311 seconds .

========================================================================
Received Import Request.
  Time since last request: 0.063854 seconds.
  path: Assets/Audio/Mixer.mixer
  artifactKey: Guid(f0d00cf18c2b9ac4da68487980875ebd) Importer(815301076,1909f56bfc062723c751e8b465ee728b)
Start importing Assets/Audio/Mixer.mixer using Guid(f0d00cf18c2b9ac4da68487980875ebd) Importer(815301076,1909f56bfc062723c751e8b465ee728b)  -> (artifact id: '97292ce1e1888b74ea7e2e5c335bee9e') in 0.005825 seconds
  Import took 0.009637 seconds .

========================================================================
Received Prepare
Registering precompiled user dll's ...
Registered in 0.001491 seconds.
Begin MonoManager ReloadAssembly
Native extension for WindowsStandalone target not found
Native extension for WebGL target not found
Refreshing native plugins compatible for Editor in 0.22 ms, found 0 plugins.
Preloading 0 native plugins for Editor in 0.00 ms.
Mono: successfully reloaded assembly
- Completed reload, in  1.315 seconds
Platform modules already initialized, skipping
Refreshing native plugins compatible for Editor in 0.41 ms, found 0 plugins.
Preloading 0 native plugins for Editor in 0.00 ms.
Unloading 1115 Unused Serialized files (Serialized files now loaded: 0)
System memory in use before: 60.5 MB.
System memory in use after: 60.6 MB.

Unloading 5 unused Assets to reduce memory usage. Loaded Objects now: 1638.
Total: 3.034300 ms (FindLiveObjects: 0.258100 ms CreateObjectMapping: 0.062300 ms MarkObjects: 2.605400 ms  DeleteObjects: 0.106400 ms)

========================================================================
Received Prepare
Registering precompiled user dll's ...
Registered in 0.000757 seconds.
Begin MonoManager ReloadAssembly
Native extension for WindowsStandalone target not found
Native extension for WebGL target not found
Refreshing native plugins compatible for Editor in 0.51 ms, found 0 plugins.
Preloading 0 native plugins for Editor in 0.00 ms.
Mono: successfully reloaded assembly
- Completed reload, in  1.355 seconds
Platform modules already initialized, skipping
Refreshing native plugins compatible for Editor in 0.45 ms, found 0 plugins.
Preloading 0 native plugins for Editor in 0.00 ms.
Unloading 1115 Unused Serialized files (Serialized files now loaded: 0)
System memory in use before: 60.5 MB.
System memory in use after: 60.6 MB.

Unloading 5 unused Assets to reduce memory usage. Loaded Objects now: 1641.
Total: 6.957100 ms (FindLiveObjects: 0.279900 ms CreateObjectMapping: 0.151700 ms MarkObjects: 6.365200 ms  DeleteObjects: 0.157400 ms)

========================================================================
Received Import Request.
  Time since last request: 266.383263 seconds.
  path: Assets/Sound/metronome track.wav
  artifactKey: Guid(2aadb07dc74b5254097b9a5cd0d2ea47) Importer(815301076,1909f56bfc062723c751e8b465ee728b)
Start importing Assets/Sound/metronome track.wav using Guid(2aadb07dc74b5254097b9a5cd0d2ea47) Importer(815301076,1909f56bfc062723c751e8b465ee728b)  -> (artifact id: 'a5bcaa7b76add648e57596227ab7e80c') in 0.080265 seconds
  Import took 0.085742 seconds .

========================================================================
Received Import Request.
  Time since last request: 21.425177 seconds.
  path: Assets/Sound/metronome track.wav
  artifactKey: Guid(2aadb07dc74b5254097b9a5cd0d2ea47) Importer(815301076,1909f56bfc062723c751e8b465ee728b)
Start importing Assets/Sound/metronome track.wav using Guid(2aadb07dc74b5254097b9a5cd0d2ea47) Importer(815301076,1909f56bfc062723c751e8b465ee728b)  -> (artifact id: '06c041d3c51cfea2507678995821c2a8') in 0.017667 seconds
  Import took 0.023881 seconds .

========================================================================
Received Import Request.
  Time since last request: 0.031997 seconds.
  path: Assets/Sound/metronome track.wav
  artifactKey: Guid(2aadb07dc74b5254097b9a5cd0d2ea47) Importer(815301076,1909f56bfc062723c751e8b465ee728b)
Start importing Assets/Sound/metronome track.wav using Guid(2aadb07dc74b5254097b9a5cd0d2ea47) Importer(815301076,1909f56bfc062723c751e8b465ee728b)  -> (artifact id: '06c041d3c51cfea2507678995821c2a8') in 0.018241 seconds
  Import took 0.022615 seconds .

========================================================================
Received Import Request.
  Time since last request: 7.304846 seconds.
  path: Assets/Sound/metronome track.wav
  artifactKey: Guid(2aadb07dc74b5254097b9a5cd0d2ea47) Importer(815301076,1909f56bfc062723c751e8b465ee728b)
Start importing Assets/Sound/metronome track.wav using Guid(2aadb07dc74b5254097b9a5cd0d2ea47) Importer(815301076,1909f56bfc062723c751e8b465ee728b)  -> (artifact id: '8b2de65ad5fdaa9d500ee32889a03fb1') in 0.058159 seconds
  Import took 0.076168 seconds .

========================================================================
Received Prepare
Registering precompiled user dll's ...
Registered in 0.001640 seconds.
Begin MonoManager ReloadAssembly
Native extension for WindowsStandalone target not found
Native extension for WebGL target not found
Refreshing native plugins compatible for Editor in 0.24 ms, found 0 plugins.
Preloading 0 native plugins for Editor in 0.00 ms.
Mono: successfully reloaded assembly
- Completed reload, in  1.532 seconds
Platform modules already initialized, skipping
Refreshing native plugins compatible for Editor in 0.43 ms, found 0 plugins.
Preloading 0 native plugins for Editor in 0.00 ms.
Unloading 1115 Unused Serialized files (Serialized files now loaded: 0)
System memory in use before: 60.5 MB.
System memory in use after: 60.6 MB.

Unloading 5 unused Assets to reduce memory usage. Loaded Objects now: 1645.
Total: 2.503400 ms (FindLiveObjects: 0.368900 ms CreateObjectMapping: 0.122900 ms MarkObjects: 1.922800 ms  DeleteObjects: 0.085400 ms)

========================================================================
Received Import Request.
  Time since last request: 32.843569 seconds.
  path: Assets/Audio/Mixer.mixer
  artifactKey: Guid(f0d00cf18c2b9ac4da68487980875ebd) Importer(815301076,1909f56bfc062723c751e8b465ee728b)
Start importing Assets/Audio/Mixer.mixer using Guid(f0d00cf18c2b9ac4da68487980875ebd) Importer(815301076,1909f56bfc062723c751e8b465ee728b)  -> (artifact id: '3e70d21faa78020c55bf3d329c7c803c') in 0.024544 seconds
  Import took 0.027678 seconds .

========================================================================
Received Prepare
Registering precompiled user dll's ...
Registered in 0.001298 seconds.
Begin MonoManager ReloadAssembly
Native extension for WindowsStandalone target not found
Native extension for WebGL target not found
Refreshing native plugins compatible for Editor in 0.45 ms, found 0 plugins.
Preloading 0 native plugins for Editor in 0.00 ms.
Mono: successfully reloaded assembly
- Completed reload, in  1.434 seconds
Platform modules already initialized, skipping
Refreshing native plugins compatible for Editor in 0.42 ms, found 0 plugins.
Preloading 0 native plugins for Editor in 0.00 ms.
Unloading 1115 Unused Serialized files (Serialized files now loaded: 0)
System memory in use before: 60.5 MB.
System memory in use after: 60.6 MB.

Unloading 5 unused Assets to reduce memory usage. Loaded Objects now: 1648.
Total: 3.903300 ms (FindLiveObjects: 0.162100 ms CreateObjectMapping: 0.056200 ms MarkObjects: 3.577000 ms  DeleteObjects: 0.106100 ms)

========================================================================
Received Prepare
Registering precompiled user dll's ...
Registered in 0.000774 seconds.
Begin MonoManager ReloadAssembly
Native extension for WindowsStandalone target not found
Native extension for WebGL target not found
Refreshing native plugins compatible for Editor in 0.36 ms, found 0 plugins.
Preloading 0 native plugins for Editor in 0.00 ms.
Mono: successfully reloaded assembly
- Completed reload, in  1.372 seconds
Platform modules already initialized, skipping
Refreshing native plugins compatible for Editor in 0.26 ms, found 0 plugins.
Preloading 0 native plugins for Editor in 0.00 ms.
Unloading 1115 Unused Serialized files (Serialized files now loaded: 0)
System memory in use before: 60.5 MB.
System memory in use after: 60.6 MB.

Unloading 5 unused Assets to reduce memory usage. Loaded Objects now: 1651.
Total: 3.422600 ms (FindLiveObjects: 1.037700 ms CreateObjectMapping: 0.099200 ms MarkObjects: 2.218900 ms  DeleteObjects: 0.063500 ms)

========================================================================
Received Prepare
Registering precompiled user dll's ...
Registered in 0.000724 seconds.
Begin MonoManager ReloadAssembly
Native extension for WindowsStandalone target not found
Native extension for WebGL target not found
Refreshing native plugins compatible for Editor in 0.45 ms, found 0 plugins.
Preloading 0 native plugins for Editor in 0.00 ms.
Mono: successfully reloaded assembly
- Completed reload, in  1.541 seconds
Platform modules already initialized, skipping
Refreshing native plugins compatible for Editor in 0.63 ms, found 0 plugins.
Preloading 0 native plugins for Editor in 0.00 ms.
Unloading 1115 Unused Serialized files (Serialized files now loaded: 0)
System memory in use before: 60.5 MB.
System memory in use after: 60.6 MB.

Unloading 5 unused Assets to reduce memory usage. Loaded Objects now: 1654.
Total: 3.899600 ms (FindLiveObjects: 0.283900 ms CreateObjectMapping: 0.072400 ms MarkObjects: 3.413200 ms  DeleteObjects: 0.127800 ms)

========================================================================
Received Prepare
Registering precompiled user dll's ...
Registered in 0.001397 seconds.
Begin MonoManager ReloadAssembly
Native extension for WindowsStandalone target not found
Native extension for WebGL target not found
Refreshing native plugins compatible for Editor in 0.51 ms, found 0 plugins.
Preloading 0 native plugins for Editor in 0.00 ms.
Mono: successfully reloaded assembly
- Completed reload, in  1.459 seconds
Platform modules already initialized, skipping
Refreshing native plugins compatible for Editor in 1.01 ms, found 0 plugins.
Preloading 0 native plugins for Editor in 0.00 ms.
Unloading 1115 Unused Serialized files (Serialized files now loaded: 0)
System memory in use before: 60.5 MB.
System memory in use after: 60.6 MB.

Unloading 5 unused Assets to reduce memory usage. Loaded Objects now: 1657.
Total: 5.223300 ms (FindLiveObjects: 0.793500 ms CreateObjectMapping: 0.210800 ms MarkObjects: 4.102300 ms  DeleteObjects: 0.094400 ms)

========================================================================
Received Prepare
Registering precompiled user dll's ...
Registered in 0.001106 seconds.
Begin MonoManager ReloadAssembly
Native extension for WindowsStandalone target not found
Native extension for WebGL target not found
Refreshing native plugins compatible for Editor in 2.01 ms, found 0 plugins.
Preloading 0 native plugins for Editor in 0.00 ms.
Mono: successfully reloaded assembly
- Completed reload, in  1.491 seconds
Platform modules already initialized, skipping
Refreshing native plugins compatible for Editor in 0.39 ms, found 0 plugins.
Preloading 0 native plugins for Editor in 0.00 ms.
Unloading 1115 Unused Serialized files (Serialized files now loaded: 0)
System memory in use before: 60.6 MB.
System memory in use after: 60.6 MB.

Unloading 5 unused Assets to reduce memory usage. Loaded Objects now: 1660.
Total: 6.397200 ms (FindLiveObjects: 0.254300 ms CreateObjectMapping: 0.060300 ms MarkObjects: 5.886600 ms  DeleteObjects: 0.192900 ms)

========================================================================
Received Prepare
Registering precompiled user dll's ...
Registered in 0.000934 seconds.
Begin MonoManager ReloadAssembly
Native extension for WindowsStandalone target not found
Native extension for WebGL target not found
Refreshing native plugins compatible for Editor in 0.67 ms, found 0 plugins.
Preloading 0 native plugins for Editor in 0.00 ms.
Mono: successfully reloaded assembly
- Completed reload, in  1.664 seconds
Platform modules already initialized, skipping
Refreshing native plugins compatible for Editor in 0.27 ms, found 0 plugins.
Preloading 0 native plugins for Editor in 0.00 ms.
Unloading 1115 Unused Serialized files (Serialized files now loaded: 0)
System memory in use before: 60.6 MB.
System memory in use after: 60.6 MB.

Unloading 5 unused Assets to reduce memory usage. Loaded Objects now: 1663.
Total: 1.890400 ms (FindLiveObjects: 0.149800 ms CreateObjectMapping: 0.042100 ms MarkObjects: 1.637200 ms  DeleteObjects: 0.060000 ms)

========================================================================
Received Import Request.
  Time since last request: 222.924084 seconds.
  path: Assets/Prefabs/Enemy 1.prefab
  artifactKey: Guid(768acd6cc8bf53d459fa24d25729e8af) Importer(815301076,1909f56bfc062723c751e8b465ee728b)
Start importing Assets/Prefabs/Enemy 1.prefab using Guid(768acd6cc8bf53d459fa24d25729e8af) Importer(815301076,1909f56bfc062723c751e8b465ee728b)  -> (artifact id: '39f2bc91da1807e1a8598f5f3d6cae2b') in 0.095846 seconds
  Import took 0.099979 seconds .

========================================================================
Received Import Request.
  Time since last request: 7.514213 seconds.
  path: Assets/Prefabs/Enemy 1.prefab
  artifactKey: Guid(768acd6cc8bf53d459fa24d25729e8af) Importer(815301076,1909f56bfc062723c751e8b465ee728b)
Start importing Assets/Prefabs/Enemy 1.prefab using Guid(768acd6cc8bf53d459fa24d25729e8af) Importer(815301076,1909f56bfc062723c751e8b465ee728b)  -> (artifact id: '86f97c0c90922531d05cceeefeb437cb') in 0.023201 seconds
  Import took 0.030861 seconds .

========================================================================
Received Import Request.
  Time since last request: 5.546157 seconds.
  path: Assets/Prefabs/Enemy 1.prefab
  artifactKey: Guid(768acd6cc8bf53d459fa24d25729e8af) Importer(815301076,1909f56bfc062723c751e8b465ee728b)
Start importing Assets/Prefabs/Enemy 1.prefab using Guid(768acd6cc8bf53d459fa24d25729e8af) Importer(815301076,1909f56bfc062723c751e8b465ee728b)  -> (artifact id: '10642cfda31bfbdbd8e7ae080ab84b19') in 0.012213 seconds
  Import took 0.016764 seconds .

========================================================================
Received Import Request.
  Time since last request: 17.881473 seconds.
  path: Assets/Prefabs/Enemy 1.prefab
  artifactKey: Guid(768acd6cc8bf53d459fa24d25729e8af) Importer(815301076,1909f56bfc062723c751e8b465ee728b)
Start importing Assets/Prefabs/Enemy 1.prefab using Guid(768acd6cc8bf53d459fa24d25729e8af) Importer(815301076,1909f56bfc062723c751e8b465ee728b)  -> (artifact id: '78b39649f20549b3eccdd95003a70c61') in 0.039780 seconds
  Import took 0.046291 seconds .

========================================================================
Received Import Request.
  Time since last request: 93.604229 seconds.
  path: Assets/Prefabs/Enemy 1.prefab
  artifactKey: Guid(768acd6cc8bf53d459fa24d25729e8af) Importer(815301076,1909f56bfc062723c751e8b465ee728b)
Start importing Assets/Prefabs/Enemy 1.prefab using Guid(768acd6cc8bf53d459fa24d25729e8af) Importer(815301076,1909f56bfc062723c751e8b465ee728b)  -> (artifact id: 'cef7175efb9ae76501db4df7ecfc57cb') in 0.031611 seconds
  Import took 0.034207 seconds .

========================================================================
Received Import Request.
  Time since last request: 4.362062 seconds.
  path: Assets/Prefabs/Enemy 1.prefab
  artifactKey: Guid(768acd6cc8bf53d459fa24d25729e8af) Importer(815301076,1909f56bfc062723c751e8b465ee728b)
Start importing Assets/Prefabs/Enemy 1.prefab using Guid(768acd6cc8bf53d459fa24d25729e8af) Importer(815301076,1909f56bfc062723c751e8b465ee728b)  -> (artifact id: 'b7a2dadba439f7be32098467de9105ea') in 0.029156 seconds
  Import took 0.034092 seconds .

========================================================================
Received Import Request.
  Time since last request: 5.268691 seconds.
  path: Assets/Prefabs/Enemy 1.prefab
  artifactKey: Guid(768acd6cc8bf53d459fa24d25729e8af) Importer(815301076,1909f56bfc062723c751e8b465ee728b)
Start importing Assets/Prefabs/Enemy 1.prefab using Guid(768acd6cc8bf53d459fa24d25729e8af) Importer(815301076,1909f56bfc062723c751e8b465ee728b)  -> (artifact id: '888202fe8daa0c407a5e3aa7b70360c2') in 0.022615 seconds
  Import took 0.026163 seconds .

========================================================================
Received Import Request.
  Time since last request: 7.838023 seconds.
  path: Assets/Prefabs/Enemy 1.prefab
  artifactKey: Guid(768acd6cc8bf53d459fa24d25729e8af) Importer(815301076,1909f56bfc062723c751e8b465ee728b)
Start importing Assets/Prefabs/Enemy 1.prefab using Guid(768acd6cc8bf53d459fa24d25729e8af) Importer(815301076,1909f56bfc062723c751e8b465ee728b)  -> (artifact id: '475a5fe1278b0b6e4ca7de452703cb82') in 0.019085 seconds
  Import took 0.021764 seconds .

========================================================================
Received Import Request.
  Time since last request: 27.085637 seconds.
  path: Assets/Prefabs/Enemy 1.prefab
  artifactKey: Guid(768acd6cc8bf53d459fa24d25729e8af) Importer(815301076,1909f56bfc062723c751e8b465ee728b)
Start importing Assets/Prefabs/Enemy 1.prefab using Guid(768acd6cc8bf53d459fa24d25729e8af) Importer(815301076,1909f56bfc062723c751e8b465ee728b)  -> (artifact id: '8ab29df5f4a434422bcec9c17569a7a1') in 0.021940 seconds
  Import took 0.025266 seconds .

========================================================================
Received Import Request.
  Time since last request: 3.631337 seconds.
  path: Assets/Prefabs/Enemy 1.prefab
  artifactKey: Guid(768acd6cc8bf53d459fa24d25729e8af) Importer(815301076,1909f56bfc062723c751e8b465ee728b)
Start importing Assets/Prefabs/Enemy 1.prefab using Guid(768acd6cc8bf53d459fa24d25729e8af) Importer(815301076,1909f56bfc062723c751e8b465ee728b)  -> (artifact id: '321b220328435eb94536ea4ef10ad994') in 0.034237 seconds
  Import took 0.038252 seconds .

========================================================================
Received Prepare
Registering precompiled user dll's ...
Registered in 0.001277 seconds.
Begin MonoManager ReloadAssembly
Native extension for WindowsStandalone target not found
Native extension for WebGL target not found
Refreshing native plugins compatible for Editor in 1.01 ms, found 0 plugins.
Preloading 0 native plugins for Editor in 0.00 ms.
Mono: successfully reloaded assembly
- Completed reload, in  1.281 seconds
Platform modules already initialized, skipping
Refreshing native plugins compatible for Editor in 0.58 ms, found 0 plugins.
Preloading 0 native plugins for Editor in 0.00 ms.
Unloading 1115 Unused Serialized files (Serialized files now loaded: 0)
System memory in use before: 60.6 MB.
System memory in use after: 60.7 MB.

Unloading 7 unused Assets to reduce memory usage. Loaded Objects now: 1667.
Total: 2.633200 ms (FindLiveObjects: 0.211500 ms CreateObjectMapping: 0.052600 ms MarkObjects: 2.248500 ms  DeleteObjects: 0.119200 ms)

========================================================================
Received Prepare
Registering precompiled user dll's ...
Registered in 0.000624 seconds.
Begin MonoManager ReloadAssembly
Native extension for WindowsStandalone target not found
Native extension for WebGL target not found
Refreshing native plugins compatible for Editor in 0.22 ms, found 0 plugins.
Preloading 0 native plugins for Editor in 0.00 ms.
Mono: successfully reloaded assembly
- Completed reload, in  1.152 seconds
Platform modules already initialized, skipping
Refreshing native plugins compatible for Editor in 0.22 ms, found 0 plugins.
Preloading 0 native plugins for Editor in 0.00 ms.
Unloading 1115 Unused Serialized files (Serialized files now loaded: 0)
System memory in use before: 60.6 MB.
System memory in use after: 60.7 MB.

Unloading 5 unused Assets to reduce memory usage. Loaded Objects now: 1670.
Total: 2.455000 ms (FindLiveObjects: 0.269000 ms CreateObjectMapping: 0.058600 ms MarkObjects: 2.058300 ms  DeleteObjects: 0.066900 ms)

========================================================================
Received Prepare
Registering precompiled user dll's ...
Registered in 0.001436 seconds.
Begin MonoManager ReloadAssembly
Native extension for WindowsStandalone target not found
Native extension for WebGL target not found
Refreshing native plugins compatible for Editor in 0.29 ms, found 0 plugins.
Preloading 0 native plugins for Editor in 0.00 ms.
Mono: successfully reloaded assembly
- Completed reload, in  1.511 seconds
Platform modules already initialized, skipping
Refreshing native plugins compatible for Editor in 0.21 ms, found 0 plugins.
Preloading 0 native plugins for Editor in 0.00 ms.
Unloading 1115 Unused Serialized files (Serialized files now loaded: 0)
System memory in use before: 60.6 MB.
System memory in use after: 60.7 MB.

Unloading 5 unused Assets to reduce memory usage. Loaded Objects now: 1673.
Total: 2.564600 ms (FindLiveObjects: 0.173400 ms CreateObjectMapping: 0.055100 ms MarkObjects: 2.234400 ms  DeleteObjects: 0.100100 ms)

========================================================================
Received Prepare
Registering precompiled user dll's ...
Registered in 0.001014 seconds.
Begin MonoManager ReloadAssembly
Native extension for WindowsStandalone target not found
Native extension for WebGL target not found
Refreshing native plugins compatible for Editor in 0.48 ms, found 0 plugins.
Preloading 0 native plugins for Editor in 0.00 ms.
Mono: successfully reloaded assembly
- Completed reload, in  1.267 seconds
Platform modules already initialized, skipping
Refreshing native plugins compatible for Editor in 0.22 ms, found 0 plugins.
Preloading 0 native plugins for Editor in 0.00 ms.
Unloading 1115 Unused Serialized files (Serialized files now loaded: 0)
System memory in use before: 60.6 MB.
System memory in use after: 60.7 MB.

Unloading 5 unused Assets to reduce memory usage. Loaded Objects now: 1676.
Total: 2.049500 ms (FindLiveObjects: 0.193700 ms CreateObjectMapping: 0.044800 ms MarkObjects: 1.754100 ms  DeleteObjects: 0.055300 ms)

========================================================================
Received Prepare
Registering precompiled user dll's ...
Registered in 0.000880 seconds.
Begin MonoManager ReloadAssembly
Native extension for WindowsStandalone target not found
Native extension for WebGL target not found
Refreshing native plugins compatible for Editor in 0.30 ms, found 0 plugins.
Preloading 0 native plugins for Editor in 0.00 ms.
Mono: successfully reloaded assembly
- Completed reload, in  1.169 seconds
Platform modules already initialized, skipping
Refreshing native plugins compatible for Editor in 0.48 ms, found 0 plugins.
Preloading 0 native plugins for Editor in 0.00 ms.
Unloading 1115 Unused Serialized files (Serialized files now loaded: 0)
System memory in use before: 60.6 MB.
System memory in use after: 60.7 MB.

Unloading 5 unused Assets to reduce memory usage. Loaded Objects now: 1679.
Total: 3.313800 ms (FindLiveObjects: 0.203900 ms CreateObjectMapping: 0.049300 ms MarkObjects: 2.942100 ms  DeleteObjects: 0.115300 ms)

========================================================================
Received Prepare
Registering precompiled user dll's ...
Registered in 0.000932 seconds.
Begin MonoManager ReloadAssembly
Native extension for WindowsStandalone target not found
Native extension for WebGL target not found
Refreshing native plugins compatible for Editor in 0.53 ms, found 0 plugins.
Preloading 0 native plugins for Editor in 0.00 ms.
Mono: successfully reloaded assembly
- Completed reload, in  1.148 seconds
Platform modules already initialized, skipping
Refreshing native plugins compatible for Editor in 0.48 ms, found 0 plugins.
Preloading 0 native plugins for Editor in 0.00 ms.
Unloading 1115 Unused Serialized files (Serialized files now loaded: 0)
System memory in use before: 60.6 MB.
System memory in use after: 60.7 MB.

Unloading 5 unused Assets to reduce memory usage. Loaded Objects now: 1682.
Total: 2.163500 ms (FindLiveObjects: 0.160800 ms CreateObjectMapping: 0.042500 ms MarkObjects: 1.880400 ms  DeleteObjects: 0.078500 ms)

========================================================================
Received Prepare
Registering precompiled user dll's ...
Registered in 0.000634 seconds.
Begin MonoManager ReloadAssembly
Native extension for WindowsStandalone target not found
Native extension for WebGL target not found
Refreshing native plugins compatible for Editor in 0.26 ms, found 0 plugins.
Preloading 0 native plugins for Editor in 0.00 ms.
Mono: successfully reloaded assembly
- Completed reload, in  1.157 seconds
Platform modules already initialized, skipping
Refreshing native plugins compatible for Editor in 0.25 ms, found 0 plugins.
Preloading 0 native plugins for Editor in 0.00 ms.
Unloading 1115 Unused Serialized files (Serialized files now loaded: 0)
System memory in use before: 60.6 MB.
System memory in use after: 60.7 MB.

Unloading 5 unused Assets to reduce memory usage. Loaded Objects now: 1685.
Total: 2.267100 ms (FindLiveObjects: 0.155900 ms CreateObjectMapping: 0.037300 ms MarkObjects: 2.003200 ms  DeleteObjects: 0.069600 ms)

========================================================================
Received Prepare
Registering precompiled user dll's ...
Registered in 0.001229 seconds.
Begin MonoManager ReloadAssembly
Native extension for WindowsStandalone target not found
Native extension for WebGL target not found
Refreshing native plugins compatible for Editor in 0.25 ms, found 0 plugins.
Preloading 0 native plugins for Editor in 0.00 ms.
Mono: successfully reloaded assembly
- Completed reload, in  1.222 seconds
Platform modules already initialized, skipping
Refreshing native plugins compatible for Editor in 0.20 ms, found 0 plugins.
Preloading 0 native plugins for Editor in 0.00 ms.
Unloading 1115 Unused Serialized files (Serialized files now loaded: 0)
System memory in use before: 60.7 MB.
System memory in use after: 60.8 MB.

Unloading 5 unused Assets to reduce memory usage. Loaded Objects now: 1688.
Total: 1.958300 ms (FindLiveObjects: 0.153700 ms CreateObjectMapping: 0.031900 ms MarkObjects: 1.723700 ms  DeleteObjects: 0.048100 ms)

========================================================================
Received Prepare
Registering precompiled user dll's ...
Registered in 0.000772 seconds.
Begin MonoManager ReloadAssembly
Native extension for WindowsStandalone target not found
Native extension for WebGL target not found
Refreshing native plugins compatible for Editor in 0.29 ms, found 0 plugins.
Preloading 0 native plugins for Editor in 0.00 ms.
Mono: successfully reloaded assembly
- Completed reload, in  1.169 seconds
Platform modules already initialized, skipping
Refreshing native plugins compatible for Editor in 0.54 ms, found 0 plugins.
Preloading 0 native plugins for Editor in 0.00 ms.
Unloading 1115 Unused Serialized files (Serialized files now loaded: 0)
System memory in use before: 60.7 MB.
System memory in use after: 60.8 MB.

Unloading 5 unused Assets to reduce memory usage. Loaded Objects now: 1691.
Total: 3.177800 ms (FindLiveObjects: 0.238400 ms CreateObjectMapping: 0.043100 ms MarkObjects: 2.791000 ms  DeleteObjects: 0.102300 ms)

========================================================================
Received Prepare
Registering precompiled user dll's ...
Registered in 0.000643 seconds.
Begin MonoManager ReloadAssembly
Native extension for WindowsStandalone target not found
Native extension for WebGL target not found
Refreshing native plugins compatible for Editor in 0.34 ms, found 0 plugins.
Preloading 0 native plugins for Editor in 0.00 ms.
Mono: successfully reloaded assembly
- Completed reload, in  1.130 seconds
Platform modules already initialized, skipping
Refreshing native plugins compatible for Editor in 0.23 ms, found 0 plugins.
Preloading 0 native plugins for Editor in 0.00 ms.
Unloading 1115 Unused Serialized files (Serialized files now loaded: 0)
System memory in use before: 60.7 MB.
System memory in use after: 60.8 MB.

Unloading 5 unused Assets to reduce memory usage. Loaded Objects now: 1694.
Total: 1.801600 ms (FindLiveObjects: 0.142200 ms CreateObjectMapping: 0.034100 ms MarkObjects: 1.577800 ms  DeleteObjects: 0.046500 ms)

========================================================================
Received Prepare
Registering precompiled user dll's ...
Registered in 0.000851 seconds.
Begin MonoManager ReloadAssembly
Native extension for WindowsStandalone target not found
Native extension for WebGL target not found
Refreshing native plugins compatible for Editor in 0.23 ms, found 0 plugins.
Preloading 0 native plugins for Editor in 0.00 ms.
Mono: successfully reloaded assembly
- Completed reload, in  1.225 seconds
Platform modules already initialized, skipping
Refreshing native plugins compatible for Editor in 0.44 ms, found 0 plugins.
Preloading 0 native plugins for Editor in 0.00 ms.
Unloading 1115 Unused Serialized files (Serialized files now loaded: 0)
System memory in use before: 60.7 MB.
System memory in use after: 60.8 MB.

Unloading 5 unused Assets to reduce memory usage. Loaded Objects now: 1697.
Total: 2.501100 ms (FindLiveObjects: 0.285700 ms CreateObjectMapping: 0.067200 ms MarkObjects: 2.022000 ms  DeleteObjects: 0.124700 ms)

========================================================================
Received Prepare
Registering precompiled user dll's ...
Registered in 0.002935 seconds.
Begin MonoManager ReloadAssembly
Native extension for WindowsStandalone target not found
Native extension for WebGL target not found
Refreshing native plugins compatible for Editor in 0.24 ms, found 0 plugins.
Preloading 0 native plugins for Editor in 0.00 ms.
Mono: successfully reloaded assembly
- Completed reload, in  1.424 seconds
Platform modules already initialized, skipping
Refreshing native plugins compatible for Editor in 1.22 ms, found 0 plugins.
Preloading 0 native plugins for Editor in 0.00 ms.
Unloading 1115 Unused Serialized files (Serialized files now loaded: 0)
System memory in use before: 60.7 MB.
System memory in use after: 60.8 MB.

Unloading 5 unused Assets to reduce memory usage. Loaded Objects now: 1700.
Total: 4.215000 ms (FindLiveObjects: 0.194600 ms CreateObjectMapping: 0.052600 ms MarkObjects: 3.472100 ms  DeleteObjects: 0.493400 ms)

========================================================================
Received Prepare
Registering precompiled user dll's ...
Registered in 0.003186 seconds.
Begin MonoManager ReloadAssembly
Native extension for WindowsStandalone target not found
Native extension for WebGL target not found
Refreshing native plugins compatible for Editor in 0.48 ms, found 0 plugins.
Preloading 0 native plugins for Editor in 0.00 ms.
Mono: successfully reloaded assembly
- Completed reload, in  1.368 seconds
Platform modules already initialized, skipping
Refreshing native plugins compatible for Editor in 0.49 ms, found 0 plugins.
Preloading 0 native plugins for Editor in 0.00 ms.
Unloading 1115 Unused Serialized files (Serialized files now loaded: 0)
System memory in use before: 60.7 MB.
System memory in use after: 60.8 MB.

Unloading 5 unused Assets to reduce memory usage. Loaded Objects now: 1703.
Total: 2.611000 ms (FindLiveObjects: 0.214000 ms CreateObjectMapping: 0.072600 ms MarkObjects: 2.262900 ms  DeleteObjects: 0.059900 ms)

========================================================================
Received Prepare
Registering precompiled user dll's ...
Registered in 0.000826 seconds.
Begin MonoManager ReloadAssembly
Native extension for WindowsStandalone target not found
Native extension for WebGL target not found
Refreshing native plugins compatible for Editor in 0.39 ms, found 0 plugins.
Preloading 0 native plugins for Editor in 0.00 ms.
Mono: successfully reloaded assembly
- Completed reload, in  1.291 seconds
Platform modules already initialized, skipping
Refreshing native plugins compatible for Editor in 0.40 ms, found 0 plugins.
Preloading 0 native plugins for Editor in 0.00 ms.
Unloading 1115 Unused Serialized files (Serialized files now loaded: 0)
System memory in use before: 60.7 MB.
System memory in use after: 60.8 MB.

Unloading 5 unused Assets to reduce memory usage. Loaded Objects now: 1706.
Total: 1.730400 ms (FindLiveObjects: 0.142300 ms CreateObjectMapping: 0.047700 ms MarkObjects: 1.492400 ms  DeleteObjects: 0.046800 ms)

========================================================================
Received Prepare
Registering precompiled user dll's ...
Registered in 0.000900 seconds.
Begin MonoManager ReloadAssembly
Native extension for WindowsStandalone target not found
Native extension for WebGL target not found
Refreshing native plugins compatible for Editor in 0.34 ms, found 0 plugins.
Preloading 0 native plugins for Editor in 0.00 ms.
Mono: successfully reloaded assembly
- Completed reload, in  1.385 seconds
Platform modules already initialized, skipping
Refreshing native plugins compatible for Editor in 0.40 ms, found 0 plugins.
Preloading 0 native plugins for Editor in 0.00 ms.
Unloading 1115 Unused Serialized files (Serialized files now loaded: 0)
System memory in use before: 60.7 MB.
System memory in use after: 60.8 MB.

Unloading 5 unused Assets to reduce memory usage. Loaded Objects now: 1709.
Total: 3.439500 ms (FindLiveObjects: 0.323100 ms CreateObjectMapping: 0.107800 ms MarkObjects: 2.901400 ms  DeleteObjects: 0.104400 ms)

========================================================================
Received Prepare
Registering precompiled user dll's ...
Registered in 0.001339 seconds.
Begin MonoManager ReloadAssembly
Native extension for WindowsStandalone target not found
Native extension for WebGL target not found
Refreshing native plugins compatible for Editor in 0.40 ms, found 0 plugins.
Preloading 0 native plugins for Editor in 0.00 ms.
Mono: successfully reloaded assembly
- Completed reload, in  1.624 seconds
Platform modules already initialized, skipping
Refreshing native plugins compatible for Editor in 0.50 ms, found 0 plugins.
Preloading 0 native plugins for Editor in 0.00 ms.
Unloading 1115 Unused Serialized files (Serialized files now loaded: 0)
System memory in use before: 60.7 MB.
System memory in use after: 60.8 MB.

Unloading 5 unused Assets to reduce memory usage. Loaded Objects now: 1712.
Total: 4.555100 ms (FindLiveObjects: 0.756500 ms CreateObjectMapping: 0.180000 ms MarkObjects: 3.538200 ms  DeleteObjects: 0.076300 ms)

========================================================================
Received Prepare
Registering precompiled user dll's ...
Registered in 0.000851 seconds.
Begin MonoManager ReloadAssembly
Native extension for WindowsStandalone target not found
Native extension for WebGL target not found
Refreshing native plugins compatible for Editor in 0.24 ms, found 0 plugins.
Preloading 0 native plugins for Editor in 0.00 ms.
Mono: successfully reloaded assembly
- Completed reload, in  1.753 seconds
Platform modules already initialized, skipping
Refreshing native plugins compatible for Editor in 0.41 ms, found 0 plugins.
Preloading 0 native plugins for Editor in 0.00 ms.
Unloading 1115 Unused Serialized files (Serialized files now loaded: 0)
System memory in use before: 60.7 MB.
System memory in use after: 60.8 MB.

Unloading 5 unused Assets to reduce memory usage. Loaded Objects now: 1715.
Total: 6.721200 ms (FindLiveObjects: 0.247600 ms CreateObjectMapping: 0.054300 ms MarkObjects: 6.315500 ms  DeleteObjects: 0.101700 ms)

========================================================================
Received Prepare
Registering precompiled user dll's ...
Registered in 0.006554 seconds.
Begin MonoManager ReloadAssembly
Native extension for WindowsStandalone target not found
Native extension for WebGL target not found
Refreshing native plugins compatible for Editor in 0.59 ms, found 0 plugins.
Preloading 0 native plugins for Editor in 0.00 ms.
Mono: successfully reloaded assembly
- Completed reload, in  1.731 seconds
Platform modules already initialized, skipping
Refreshing native plugins compatible for Editor in 0.33 ms, found 0 plugins.
Preloading 0 native plugins for Editor in 0.00 ms.
Unloading 1115 Unused Serialized files (Serialized files now loaded: 0)
System memory in use before: 60.7 MB.
System memory in use after: 60.8 MB.

Unloading 5 unused Assets to reduce memory usage. Loaded Objects now: 1718.
Total: 4.548100 ms (FindLiveObjects: 0.379600 ms CreateObjectMapping: 0.098100 ms MarkObjects: 3.807800 ms  DeleteObjects: 0.258800 ms)

========================================================================
Received Prepare
Registering precompiled user dll's ...
Registered in 0.000876 seconds.
Begin MonoManager ReloadAssembly
Native extension for WindowsStandalone target not found
Native extension for WebGL target not found
Refreshing native plugins compatible for Editor in 0.46 ms, found 0 plugins.
Preloading 0 native plugins for Editor in 0.00 ms.
Mono: successfully reloaded assembly
- Completed reload, in  1.695 seconds
Platform modules already initialized, skipping
Refreshing native plugins compatible for Editor in 0.48 ms, found 0 plugins.
Preloading 0 native plugins for Editor in 0.00 ms.
Unloading 1115 Unused Serialized files (Serialized files now loaded: 0)
System memory in use before: 60.7 MB.
System memory in use after: 60.8 MB.

Unloading 5 unused Assets to reduce memory usage. Loaded Objects now: 1721.
Total: 1.874300 ms (FindLiveObjects: 0.170100 ms CreateObjectMapping: 0.039700 ms MarkObjects: 1.609800 ms  DeleteObjects: 0.053500 ms)

========================================================================
Received Prepare
Registering precompiled user dll's ...
Registered in 0.001881 seconds.
Begin MonoManager ReloadAssembly
Native extension for WindowsStandalone target not found
Native extension for WebGL target not found
Refreshing native plugins compatible for Editor in 0.60 ms, found 0 plugins.
Preloading 0 native plugins for Editor in 0.00 ms.
Mono: successfully reloaded assembly
- Completed reload, in  1.802 seconds
Platform modules already initialized, skipping
Refreshing native plugins compatible for Editor in 0.28 ms, found 0 plugins.
Preloading 0 native plugins for Editor in 0.00 ms.
Unloading 1115 Unused Serialized files (Serialized files now loaded: 0)
System memory in use before: 60.7 MB.
System memory in use after: 60.8 MB.

Unloading 5 unused Assets to reduce memory usage. Loaded Objects now: 1724.
Total: 5.119000 ms (FindLiveObjects: 0.471000 ms CreateObjectMapping: 0.110300 ms MarkObjects: 4.318000 ms  DeleteObjects: 0.216000 ms)

========================================================================
Received Prepare
Registering precompiled user dll's ...
Registered in 0.003059 seconds.
Begin MonoManager ReloadAssembly
Native extension for WindowsStandalone target not found
Native extension for WebGL target not found
Refreshing native plugins compatible for Editor in 0.56 ms, found 0 plugins.
Preloading 0 native plugins for Editor in 0.00 ms.
Mono: successfully reloaded assembly
- Completed reload, in  1.698 seconds
Platform modules already initialized, skipping
Refreshing native plugins compatible for Editor in 0.48 ms, found 0 plugins.
Preloading 0 native plugins for Editor in 0.00 ms.
Unloading 1115 Unused Serialized files (Serialized files now loaded: 0)
System memory in use before: 60.7 MB.
System memory in use after: 60.8 MB.

Unloading 5 unused Assets to reduce memory usage. Loaded Objects now: 1727.
Total: 4.614700 ms (FindLiveObjects: 0.191300 ms CreateObjectMapping: 0.055900 ms MarkObjects: 4.191300 ms  DeleteObjects: 0.173300 ms)

========================================================================
Received Prepare
Registering precompiled user dll's ...
Registered in 0.003658 seconds.
Begin MonoManager ReloadAssembly
Native extension for WindowsStandalone target not found
Native extension for WebGL target not found
Refreshing native plugins compatible for Editor in 0.74 ms, found 0 plugins.
Preloading 0 native plugins for Editor in 0.00 ms.
Mono: successfully reloaded assembly
- Completed reload, in  1.461 seconds
Platform modules already initialized, skipping
Refreshing native plugins compatible for Editor in 0.23 ms, found 0 plugins.
Preloading 0 native plugins for Editor in 0.00 ms.
Unloading 1115 Unused Serialized files (Serialized files now loaded: 0)
System memory in use before: 60.8 MB.
System memory in use after: 60.8 MB.

Unloading 5 unused Assets to reduce memory usage. Loaded Objects now: 1730.
Total: 2.023600 ms (FindLiveObjects: 0.223500 ms CreateObjectMapping: 0.046600 ms MarkObjects: 1.700400 ms  DeleteObjects: 0.052000 ms)

========================================================================
Received Prepare
Registering precompiled user dll's ...
Registered in 0.004885 seconds.
Begin MonoManager ReloadAssembly
Native extension for WindowsStandalone target not found
Native extension for WebGL target not found
Refreshing native plugins compatible for Editor in 0.48 ms, found 0 plugins.
Preloading 0 native plugins for Editor in 0.00 ms.
Mono: successfully reloaded assembly
- Completed reload, in  1.805 seconds
Platform modules already initialized, skipping
Refreshing native plugins compatible for Editor in 0.24 ms, found 0 plugins.
Preloading 0 native plugins for Editor in 0.00 ms.
Unloading 1115 Unused Serialized files (Serialized files now loaded: 0)
System memory in use before: 60.8 MB.
System memory in use after: 60.8 MB.

Unloading 5 unused Assets to reduce memory usage. Loaded Objects now: 1733.
Total: 7.069300 ms (FindLiveObjects: 0.994000 ms CreateObjectMapping: 2.371100 ms MarkObjects: 3.541500 ms  DeleteObjects: 0.157900 ms)

========================================================================
Received Prepare
Registering precompiled user dll's ...
Registered in 0.001349 seconds.
Begin MonoManager ReloadAssembly
Native extension for WindowsStandalone target not found
Native extension for WebGL target not found
Refreshing native plugins compatible for Editor in 1.40 ms, found 0 plugins.
Preloading 0 native plugins for Editor in 0.00 ms.
Mono: successfully reloaded assembly
- Completed reload, in  1.511 seconds
Platform modules already initialized, skipping
Refreshing native plugins compatible for Editor in 0.32 ms, found 0 plugins.
Preloading 0 native plugins for Editor in 0.00 ms.
Unloading 1115 Unused Serialized files (Serialized files now loaded: 0)
System memory in use before: 60.8 MB.
System memory in use after: 60.8 MB.

Unloading 5 unused Assets to reduce memory usage. Loaded Objects now: 1736.
Total: 3.284300 ms (FindLiveObjects: 0.533700 ms CreateObjectMapping: 0.078100 ms MarkObjects: 2.219400 ms  DeleteObjects: 0.451300 ms)

========================================================================
Received Prepare
Registering precompiled user dll's ...
Registered in 0.000680 seconds.
Begin MonoManager ReloadAssembly
Native extension for WindowsStandalone target not found
Native extension for WebGL target not found
Refreshing native plugins compatible for Editor in 0.44 ms, found 0 plugins.
Preloading 0 native plugins for Editor in 0.00 ms.
Mono: successfully reloaded assembly
- Completed reload, in  1.508 seconds
Platform modules already initialized, skipping
Refreshing native plugins compatible for Editor in 0.81 ms, found 0 plugins.
Preloading 0 native plugins for Editor in 0.00 ms.
Unloading 1115 Unused Serialized files (Serialized files now loaded: 0)
System memory in use before: 60.8 MB.
System memory in use after: 60.8 MB.

Unloading 5 unused Assets to reduce memory usage. Loaded Objects now: 1739.
Total: 3.484900 ms (FindLiveObjects: 0.423900 ms CreateObjectMapping: 0.089300 ms MarkObjects: 2.863800 ms  DeleteObjects: 0.103900 ms)

========================================================================
Received Prepare
Registering precompiled user dll's ...
Registered in 0.000836 seconds.
Begin MonoManager ReloadAssembly
Native extension for WindowsStandalone target not found
Native extension for WebGL target not found
Refreshing native plugins compatible for Editor in 0.49 ms, found 0 plugins.
Preloading 0 native plugins for Editor in 0.00 ms.
Mono: successfully reloaded assembly
- Completed reload, in  1.867 seconds
Platform modules already initialized, skipping
Refreshing native plugins compatible for Editor in 0.30 ms, found 0 plugins.
Preloading 0 native plugins for Editor in 0.00 ms.
Unloading 1115 Unused Serialized files (Serialized files now loaded: 0)
System memory in use before: 60.8 MB.
System memory in use after: 60.8 MB.

Unloading 5 unused Assets to reduce memory usage. Loaded Objects now: 1742.
Total: 3.710400 ms (FindLiveObjects: 0.338200 ms CreateObjectMapping: 0.124100 ms MarkObjects: 3.101100 ms  DeleteObjects: 0.144900 ms)

========================================================================
Received Prepare
Registering precompiled user dll's ...
Registered in 0.001073 seconds.
Begin MonoManager ReloadAssembly
Native extension for WindowsStandalone target not found
Native extension for WebGL target not found
Refreshing native plugins compatible for Editor in 0.88 ms, found 0 plugins.
Preloading 0 native plugins for Editor in 0.00 ms.
Mono: successfully reloaded assembly
- Completed reload, in  2.765 seconds
Platform modules already initialized, skipping
Refreshing native plugins compatible for Editor in 0.39 ms, found 0 plugins.
Preloading 0 native plugins for Editor in 0.00 ms.
Unloading 1115 Unused Serialized files (Serialized files now loaded: 0)
System memory in use before: 60.8 MB.
System memory in use after: 60.8 MB.

Unloading 5 unused Assets to reduce memory usage. Loaded Objects now: 1745.
Total: 3.506600 ms (FindLiveObjects: 0.494600 ms CreateObjectMapping: 0.196800 ms MarkObjects: 2.740600 ms  DeleteObjects: 0.073100 ms)

========================================================================
Received Import Request.
  Time since last request: 2440.125741 seconds.
  path: Assets/Scenes/SampleScene.unity
  artifactKey: Guid(9fc0d4010bbf28b4594072e72b8655ab) Importer(815301076,1909f56bfc062723c751e8b465ee728b)
Start importing Assets/Scenes/SampleScene.unity using Guid(9fc0d4010bbf28b4594072e72b8655ab) Importer(815301076,1909f56bfc062723c751e8b465ee728b)  -> (artifact id: '84f4f155c9706bd7dcbc18b88b118c13') in 0.099082 seconds
  Import took 0.107446 seconds .

========================================================================
Received Import Request.
  Time since last request: 5.774401 seconds.
  path: Assets/Scenes/Vapor.unity
  artifactKey: Guid(9fc0d4010bbf28b4594072e72b8655ab) Importer(815301076,1909f56bfc062723c751e8b465ee728b)
Start importing Assets/Scenes/Vapor.unity using Guid(9fc0d4010bbf28b4594072e72b8655ab) Importer(815301076,1909f56bfc062723c751e8b465ee728b)  -> (artifact id: '37b9c166d50adb4c8258641bdac9c6e5') in 0.019355 seconds
  Import took 0.023094 seconds .

========================================================================
Received Prepare
Registering precompiled user dll's ...
Registered in 0.001202 seconds.
Begin MonoManager ReloadAssembly
Native extension for WindowsStandalone target not found
Native extension for WebGL target not found
Refreshing native plugins compatible for Editor in 0.41 ms, found 0 plugins.
Preloading 0 native plugins for Editor in 0.00 ms.
Mono: successfully reloaded assembly
- Completed reload, in  1.833 seconds
Platform modules already initialized, skipping
Refreshing native plugins compatible for Editor in 0.26 ms, found 0 plugins.
Preloading 0 native plugins for Editor in 0.00 ms.
Unloading 1115 Unused Serialized files (Serialized files now loaded: 0)
System memory in use before: 60.8 MB.
System memory in use after: 60.9 MB.

Unloading 5 unused Assets to reduce memory usage. Loaded Objects now: 1748.
Total: 2.626700 ms (FindLiveObjects: 0.320300 ms CreateObjectMapping: 0.067000 ms MarkObjects: 2.148400 ms  DeleteObjects: 0.089400 ms)

========================================================================
Received Import Request.
  Time since last request: 96.912289 seconds.
  path: Assets/Scenes/Vapor.unity
  artifactKey: Guid(9fc0d4010bbf28b4594072e72b8655ab) Importer(815301076,1909f56bfc062723c751e8b465ee728b)
Start importing Assets/Scenes/Vapor.unity using Guid(9fc0d4010bbf28b4594072e72b8655ab) Importer(815301076,1909f56bfc062723c751e8b465ee728b)  -> (artifact id: '2dccee2c0bdb343735c670a36e3eda47') in 0.024141 seconds
  Import took 0.027295 seconds .

========================================================================
Received Import Request.
  Time since last request: 0.010755 seconds.
  path: Assets/Scenes/Vapor.unity
  artifactKey: Guid(9fc0d4010bbf28b4594072e72b8655ab) Importer(815301076,1909f56bfc062723c751e8b465ee728b)
Start importing Assets/Scenes/Vapor.unity using Guid(9fc0d4010bbf28b4594072e72b8655ab) Importer(815301076,1909f56bfc062723c751e8b465ee728b)  -> (artifact id: '2dccee2c0bdb343735c670a36e3eda47') in 0.005029 seconds
  Import took 0.010877 seconds .

========================================================================
Received Import Request.
  Time since last request: 4.085126 seconds.
  path: Assets/Scenes/VaporWhale.unity
  artifactKey: Guid(9fc0d4010bbf28b4594072e72b8655ab) Importer(815301076,1909f56bfc062723c751e8b465ee728b)
Start importing Assets/Scenes/VaporWhale.unity using Guid(9fc0d4010bbf28b4594072e72b8655ab) Importer(815301076,1909f56bfc062723c751e8b465ee728b)  -> (artifact id: '9f125f502551a0e5a9cd0192bbd57518') in 0.014973 seconds
  Import took 0.019811 seconds .

========================================================================
Received Import Request.
  Time since last request: 161.418366 seconds.
  path: Assets/Sprites/black.png
  artifactKey: Guid(264cf1ac032e33845ab65c76e78fd018) Importer(815301076,1909f56bfc062723c751e8b465ee728b)
Start importing Assets/Sprites/black.png using Guid(264cf1ac032e33845ab65c76e78fd018) Importer(815301076,1909f56bfc062723c751e8b465ee728b)  -> (artifact id: 'a68c72e653f80f30a0031e9f03819b45') in 0.178514 seconds
  Import took 0.185761 seconds .

========================================================================
Received Import Request.
  Time since last request: 10.332841 seconds.
  path: Assets/Sprites/black.png
  artifactKey: Guid(264cf1ac032e33845ab65c76e78fd018) Importer(815301076,1909f56bfc062723c751e8b465ee728b)
Start importing Assets/Sprites/black.png using Guid(264cf1ac032e33845ab65c76e78fd018) Importer(815301076,1909f56bfc062723c751e8b465ee728b)  -> (artifact id: '9a6b57afe7e60ca9fd625e25282990f0') in 0.062949 seconds
  Import took 0.070311 seconds .

========================================================================
Received Import Request.
  Time since last request: 63.536588 seconds.
  path: Assets/Prefabs/Enemy 1.prefab
  artifactKey: Guid(768acd6cc8bf53d459fa24d25729e8af) Importer(815301076,1909f56bfc062723c751e8b465ee728b)
Start importing Assets/Prefabs/Enemy 1.prefab using Guid(768acd6cc8bf53d459fa24d25729e8af) Importer(815301076,1909f56bfc062723c751e8b465ee728b)  -> (artifact id: '1d8e09fbeb8f8549c5fc06ec0f3ca83f') in 0.062354 seconds
  Import took 0.066042 seconds .

========================================================================
Received Import Request.
  Time since last request: 8.645486 seconds.
  path: Assets/Prefabs/Enemy 1.prefab
  artifactKey: Guid(768acd6cc8bf53d459fa24d25729e8af) Importer(815301076,1909f56bfc062723c751e8b465ee728b)
Start importing Assets/Prefabs/Enemy 1.prefab using Guid(768acd6cc8bf53d459fa24d25729e8af) Importer(815301076,1909f56bfc062723c751e8b465ee728b)  -> (artifact id: '1e76f4027162bc4e9a9c897b2eee3682') in 0.033438 seconds
  Import took 0.039861 seconds .

========================================================================
Received Import Request.
  Time since last request: 2.584887 seconds.
  path: Assets/Prefabs/Enemy 1.prefab
  artifactKey: Guid(768acd6cc8bf53d459fa24d25729e8af) Importer(815301076,1909f56bfc062723c751e8b465ee728b)
Start importing Assets/Prefabs/Enemy 1.prefab using Guid(768acd6cc8bf53d459fa24d25729e8af) Importer(815301076,1909f56bfc062723c751e8b465ee728b)  -> (artifact id: '158738eb67202946fa80827a5077f77b') in 0.020950 seconds
  Import took 0.025597 seconds .

========================================================================
Received Import Request.
  Time since last request: 1.245271 seconds.
  path: Assets/Prefabs/Enemy 1.prefab
  artifactKey: Guid(768acd6cc8bf53d459fa24d25729e8af) Importer(815301076,1909f56bfc062723c751e8b465ee728b)
Start importing Assets/Prefabs/Enemy 1.prefab using Guid(768acd6cc8bf53d459fa24d25729e8af) Importer(815301076,1909f56bfc062723c751e8b465ee728b)  -> (artifact id: '3e99a1eb6f5ed96f48c152020dc493b9') in 0.020022 seconds
  Import took 0.026130 seconds .

========================================================================
Received Import Request.
  Time since last request: 1.848050 seconds.
  path: Assets/Prefabs/Enemy 1.prefab
  artifactKey: Guid(768acd6cc8bf53d459fa24d25729e8af) Importer(815301076,1909f56bfc062723c751e8b465ee728b)
Start importing Assets/Prefabs/Enemy 1.prefab using Guid(768acd6cc8bf53d459fa24d25729e8af) Importer(815301076,1909f56bfc062723c751e8b465ee728b)  -> (artifact id: '4e0d7b110185408ba0a1c19d57d466a9') in 0.028738 seconds
  Import took 0.034193 seconds .

========================================================================
Received Import Request.
  Time since last request: 2.638106 seconds.
  path: Assets/Prefabs/Enemy 1.prefab
  artifactKey: Guid(768acd6cc8bf53d459fa24d25729e8af) Importer(815301076,1909f56bfc062723c751e8b465ee728b)
Start importing Assets/Prefabs/Enemy 1.prefab using Guid(768acd6cc8bf53d459fa24d25729e8af) Importer(815301076,1909f56bfc062723c751e8b465ee728b)  -> (artifact id: 'f44bc796e370aaa7cd59fb2a6004cf37') in 0.023841 seconds
  Import took 0.028187 seconds .

========================================================================
Received Import Request.
  Time since last request: 2.000845 seconds.
  path: Assets/Prefabs/Enemy 1.prefab
  artifactKey: Guid(768acd6cc8bf53d459fa24d25729e8af) Importer(815301076,1909f56bfc062723c751e8b465ee728b)
Start importing Assets/Prefabs/Enemy 1.prefab using Guid(768acd6cc8bf53d459fa24d25729e8af) Importer(815301076,1909f56bfc062723c751e8b465ee728b)  -> (artifact id: '8a4f784a17608f22722833ce0746c6a9') in 0.024259 seconds
  Import took 0.031039 seconds .

========================================================================
Received Import Request.
  Time since last request: 1.636022 seconds.
  path: Assets/Prefabs/Enemy 1.prefab
  artifactKey: Guid(768acd6cc8bf53d459fa24d25729e8af) Importer(815301076,1909f56bfc062723c751e8b465ee728b)
Start importing Assets/Prefabs/Enemy 1.prefab using Guid(768acd6cc8bf53d459fa24d25729e8af) Importer(815301076,1909f56bfc062723c751e8b465ee728b)  -> (artifact id: '4ba9a680c263b2e007a2655b4e0849d4') in 0.022144 seconds
  Import took 0.027586 seconds .

========================================================================
Received Import Request.
  Time since last request: 182.112649 seconds.
  path: Assets/Scripts/FadeScreen.cs
  artifactKey: Guid(13f046bbae455d74a8da7a6c593ddf8b) Importer(815301076,1909f56bfc062723c751e8b465ee728b)
Start importing Assets/Scripts/FadeScreen.cs using Guid(13f046bbae455d74a8da7a6c593ddf8b) Importer(815301076,1909f56bfc062723c751e8b465ee728b)  -> (artifact id: '038d2a8fbff33e78a580b846942252dd') in 0.015979 seconds
  Import took 0.020394 seconds .

========================================================================
Received Prepare
Registering precompiled user dll's ...
Registered in 0.000622 seconds.
Begin MonoManager ReloadAssembly
Native extension for WindowsStandalone target not found
Native extension for WebGL target not found
Refreshing native plugins compatible for Editor in 0.28 ms, found 0 plugins.
Preloading 0 native plugins for Editor in 0.00 ms.
Mono: successfully reloaded assembly
- Completed reload, in  1.610 seconds
Platform modules already initialized, skipping
Refreshing native plugins compatible for Editor in 0.26 ms, found 0 plugins.
Preloading 0 native plugins for Editor in 0.00 ms.
Unloading 1115 Unused Serialized files (Serialized files now loaded: 0)
System memory in use before: 60.8 MB.
System memory in use after: 60.9 MB.

Unloading 9 unused Assets to reduce memory usage. Loaded Objects now: 1755.
Total: 4.454300 ms (FindLiveObjects: 1.110200 ms CreateObjectMapping: 0.454900 ms MarkObjects: 2.763100 ms  DeleteObjects: 0.121600 ms)

========================================================================
Received Import Request.
  Time since last request: 79.674034 seconds.
  path: Assets/Animations
  artifactKey: Guid(3174d717e49d9c74c98461c9dc4db431) Importer(815301076,1909f56bfc062723c751e8b465ee728b)
Start importing Assets/Animations using Guid(3174d717e49d9c74c98461c9dc4db431) Importer(815301076,1909f56bfc062723c751e8b465ee728b)  -> (artifact id: '620603dc732f019a7b8ff3427dfcdb77') in 0.033892 seconds
  Import took 0.037825 seconds .

========================================================================
Received Import Request.
  Time since last request: 17.102182 seconds.
  path: Assets/Animations/Black Fade.controller
  artifactKey: Guid(bacf989bfb396004b9243181c3a5902f) Importer(815301076,1909f56bfc062723c751e8b465ee728b)
Start importing Assets/Animations/Black Fade.controller using Guid(bacf989bfb396004b9243181c3a5902f) Importer(815301076,1909f56bfc062723c751e8b465ee728b)  -> (artifact id: 'dadd965d39a5c06a53e326cb023b74bb') in 0.027893 seconds
  Import took 0.035822 seconds .

========================================================================
Received Import Request.
  Time since last request: 106.520779 seconds.
  path: Assets/Animations/Black Fade.controller
  artifactKey: Guid(bacf989bfb396004b9243181c3a5902f) Importer(815301076,1909f56bfc062723c751e8b465ee728b)
Start importing Assets/Animations/Black Fade.controller using Guid(bacf989bfb396004b9243181c3a5902f) Importer(815301076,1909f56bfc062723c751e8b465ee728b)  -> (artifact id: '68215d6bfcf1f6852ea2c6a8c1f17b32') in 0.010872 seconds
  Import took 0.018103 seconds .

========================================================================
Received Import Request.
  Time since last request: 0.002185 seconds.
  path: Assets/Animations/Black Fade.controller
  artifactKey: Guid(bacf989bfb396004b9243181c3a5902f) Importer(815301076,1909f56bfc062723c751e8b465ee728b)
Start importing Assets/Animations/Black Fade.controller using Guid(bacf989bfb396004b9243181c3a5902f) Importer(815301076,1909f56bfc062723c751e8b465ee728b)  -> (artifact id: '68215d6bfcf1f6852ea2c6a8c1f17b32') in 0.003926 seconds
  Import took 0.007402 seconds .

========================================================================
Received Import Request.
  Time since last request: 217.012994 seconds.
  path: Assets/Animations/Black Fade.controller
  artifactKey: Guid(bacf989bfb396004b9243181c3a5902f) Importer(815301076,1909f56bfc062723c751e8b465ee728b)
Start importing Assets/Animations/Black Fade.controller using Guid(bacf989bfb396004b9243181c3a5902f) Importer(815301076,1909f56bfc062723c751e8b465ee728b)  -> (artifact id: '77a0a664902e9ae2ade9fcd1fde03c13') in 0.005695 seconds
  Import took 0.011633 seconds .

========================================================================
Received Import Request.
  Time since last request: 2.535192 seconds.
  path: Assets/Animations/Black FadeTimeline.playable
  artifactKey: Guid(36c89042e6dc02840981488873cfc262) Importer(815301076,1909f56bfc062723c751e8b465ee728b)
Start importing Assets/Animations/Black FadeTimeline.playable using Guid(36c89042e6dc02840981488873cfc262) Importer(815301076,1909f56bfc062723c751e8b465ee728b)  -> (artifact id: '20454123ed83d32aa9e39442bf6ef497') in 0.066622 seconds
  Import took 0.070969 seconds .

========================================================================
Received Import Request.
  Time since last request: 0.008722 seconds.
  path: Assets/Animations/Black FadeTimeline.playable
  artifactKey: Guid(36c89042e6dc02840981488873cfc262) Importer(815301076,1909f56bfc062723c751e8b465ee728b)
Start importing Assets/Animations/Black FadeTimeline.playable using Guid(36c89042e6dc02840981488873cfc262) Importer(815301076,1909f56bfc062723c751e8b465ee728b)  -> (artifact id: '20454123ed83d32aa9e39442bf6ef497') in 0.004051 seconds
  Import took 0.010666 seconds .

========================================================================
Received Import Request.
  Time since last request: 3.169503 seconds.
  path: Assets/Animations/Black Fade Controller.controller
  artifactKey: Guid(bacf989bfb396004b9243181c3a5902f) Importer(815301076,1909f56bfc062723c751e8b465ee728b)
Start importing Assets/Animations/Black Fade Controller.controller using Guid(bacf989bfb396004b9243181c3a5902f) Importer(815301076,1909f56bfc062723c751e8b465ee728b)  -> (artifact id: '11e30a7e88fda76ef36882689fde704a') in 0.012926 seconds
  Import took 0.015717 seconds .

AssetImportWorkerClient::OnTransportError - code=2 error=End of file
